Build started 12/17/2015 8:26:03 PM.
     1>Project "C:\Users\nelso\Desktop\Github\Projects\visual\Game\Game\Game.vcxproj" on node 2 (build target(s)).
     1>InitializeBuildStatus:
         Creating "Debug\Game.unsuccessfulbuild" because "AlwaysCreate" was specified.
       ClCompile:
         C:\Program Files (x86)\Microsoft Visual Studio 10.0\VC\bin\CL.exe /c /ZI /nologo /W3 /WX- /Od /Oy- /D _MBCS /Gm /EHsc /RTC1 /MDd /GS /fp:precise /Zc:wchar_t /Zc:forScope /Fo"Debug\\" /Fd"Debug\vc100.pdb" /Gd /TP /analyze- /errorReport:prompt Main.cpp
         Main.cpp
     1>c:\users\nelso\desktop\github\projects\visual\game\game\main.cpp(159): warning C4244: 'argument' : conversion from 'int' to 'float', possible loss of data
     1>c:\users\nelso\desktop\github\projects\visual\game\game\main.cpp(180): warning C4244: 'argument' : conversion from 'int' to 'float', possible loss of data
     1>c:\users\nelso\desktop\github\projects\visual\game\game\main.cpp(193): warning C4244: 'argument' : conversion from 'int' to 'float', possible loss of data
     1>c:\users\nelso\desktop\github\projects\visual\game\game\main.cpp(193): warning C4244: 'argument' : conversion from 'int' to 'float', possible loss of data
       Link:
         C:\Program Files (x86)\Microsoft Visual Studio 10.0\VC\bin\link.exe /ERRORREPORT:PROMPT /OUT:"C:\Users\nelso\Desktop\Github\Projects\visual\Game\Debug\Game.exe" /NOLOGO "sfml-system-d.lib" "sfml-window-d.lib" "sfml-graphics-d.lib" "sfml-audio-d.lib" kernel32.lib user32.lib gdi32.lib winspool.lib comdlg32.lib advapi32.lib shell32.lib ole32.lib oleaut32.lib uuid.lib odbc32.lib odbccp32.lib /MANIFEST /ManifestFile:"Debug\Game.exe.intermediate.manifest" /MANIFESTUAC:"level='asInvoker' uiAccess='false'" /DEBUG /PDB:"C:\Users\nelso\Desktop\Github\Projects\visual\Game\Debug\Game.pdb" /TLBID:1 /DYNAMICBASE /NXCOMPAT /IMPLIB:"C:\Users\nelso\Desktop\Github\Projects\visual\Game\Debug\Game.lib" /MACHINE:X86 Debug\Main.obj
         LINK : C:\Users\nelso\Desktop\Github\Projects\visual\Game\Debug\Game.exe not found or not built by the last incremental link; performing full link
         Game.vcxproj -> C:\Users\nelso\Desktop\Github\Projects\visual\Game\Debug\Game.exe
       Manifest:
         C:\Program Files (x86)\Microsoft SDKs\Windows\v7.0A\bin\mt.exe /nologo /verbose /outputresource:"C:\Users\nelso\Desktop\Github\Projects\visual\Game\Debug\Game.exe;#1" /manifest Debug\Game.exe.intermediate.manifest
       FinalizeBuildStatus:
         Deleting file "Debug\Game.unsuccessfulbuild".
         Touching "Debug\Game.lastbuildstate".
     1>Done Building Project "C:\Users\nelso\Desktop\Github\Projects\visual\Game\Game\Game.vcxproj" (build target(s)).

Build succeeded.

Time Elapsed 00:00:00.91
