Build started 12/17/2015 8:29:12 PM.
     1>Project "C:\Users\nelso\Desktop\Github\Projects\visual\Game\Game\Game.vcxproj" on node 2 (build target(s)).
     1>PrepareForBuild:
         Creating directory "C:\Users\nelso\Desktop\Github\Projects\visual\Game\Release\".
       InitializeBuildStatus:
         Creating "Release\Game.unsuccessfulbuild" because "AlwaysCreate" was specified.
       ClCompile:
         C:\Program Files (x86)\Microsoft Visual Studio 10.0\VC\bin\CL.exe /c /Zi /nologo /W3 /WX- /O2 /Oi /Oy- /GL /D _MBCS /Gm- /EHsc /MD /GS /Gy /fp:precise /Zc:wchar_t /Zc:forScope /Fo"Release\\" /Fd"Release\vc100.pdb" /Gd /TP /analyze- /errorReport:prompt Main.cpp
         Main.cpp
     1>Main.cpp(159): warning C4244: 'argument' : conversion from 'int' to 'float', possible loss of data
     1>Main.cpp(180): warning C4244: 'argument' : conversion from 'int' to 'float', possible loss of data
     1>Main.cpp(193): warning C4244: 'argument' : conversion from 'int' to 'float', possible loss of data
     1>Main.cpp(193): warning C4244: 'argument' : conversion from 'int' to 'float', possible loss of data
       Link:
         C:\Program Files (x86)\Microsoft Visual Studio 10.0\VC\bin\link.exe /ERRORREPORT:PROMPT /OUT:"C:\Users\nelso\Desktop\Github\Projects\visual\Game\Release\Game.exe" /NOLOGO "sfml-window.lib" "sfml-system.lib" "sfml-graphics.lib" "sfml-audio.lib" kernel32.lib user32.lib gdi32.lib winspool.lib comdlg32.lib advapi32.lib shell32.lib ole32.lib oleaut32.lib uuid.lib odbc32.lib odbccp32.lib /MANIFEST /ManifestFile:"Release\Game.exe.intermediate.manifest" /MANIFESTUAC:"level='asInvoker' uiAccess='false'" /DEBUG /PDB:"C:\Users\nelso\Desktop\Github\Projects\visual\Game\Release\Game.pdb" /OPT:REF /OPT:ICF /LTCG /TLBID:1 /DYNAMICBASE /NXCOMPAT /IMPLIB:"C:\Users\nelso\Desktop\Github\Projects\visual\Game\Release\Game.lib" /MACHINE:X86 Release\Main.obj
         Generating code
         Finished generating code
         Game.vcxproj -> C:\Users\nelso\Desktop\Github\Projects\visual\Game\Release\Game.exe
       Manifest:
         C:\Program Files (x86)\Microsoft SDKs\Windows\v7.0A\bin\mt.exe /nologo /verbose /outputresource:"C:\Users\nelso\Desktop\Github\Projects\visual\Game\Release\Game.exe;#1" /manifest Release\Game.exe.intermediate.manifest
       FinalizeBuildStatus:
         Deleting file "Release\Game.unsuccessfulbuild".
         Touching "Release\Game.lastbuildstate".
     1>Done Building Project "C:\Users\nelso\Desktop\Github\Projects\visual\Game\Game\Game.vcxproj" (build target(s)).

Build succeeded.

Time Elapsed 00:00:01.14
